<?xml version="1.0" encoding="UTF-8"?>
<!-- Generated by org.testng.reporters.JUnitReportReporter -->
<testsuite hostname="MR_Motlokoa" failures="0" tests="4" name="runners.webRunnerParallelTest" time="88.817" errors="0" timestamp="2025-06-24T16:28:28 SAST" skipped="0">
  <testcase classname="runners.webRunnerParallelTest" name="runScenario" time="23.798"/>
  <testcase classname="runners.webRunnerParallelTest" name="runScenario" time="21.491"/>
  <testcase classname="runners.webRunnerParallelTest" name="runScenario" time="21.826"/>
  <testcase classname="runners.webRunnerParallelTest" name="runScenario" time="21.702"/>
</testsuite> <!-- runners.webRunnerParallelTest -->
