<?xml version="1.0" encoding="UTF-8"?>
<!-- Generated by org.testng.reporters.JUnitReportReporter -->
<testsuite hostname="MR_Motlokoa" failures="0" tests="4" name="runners.webRunnerParallel" time="72.857" errors="0" timestamp="2025-06-24T11:42:30 SAST" skipped="0">
  <testcase classname="runners.webRunnerParallel" name="runScenario" time="16.804"/>
  <testcase classname="runners.webRunnerParallel" name="runScenario" time="17.250"/>
  <testcase classname="runners.webRunnerParallel" name="runScenario" time="19.339"/>
  <testcase classname="runners.webRunnerParallel" name="runScenario" time="19.464"/>
</testsuite> <!-- runners.webRunnerParallel -->
