<?xml version="1.0" encoding="UTF-8"?>
<!-- Generated by org.testng.reporters.JUnitReportReporter -->
<testsuite hostname="MR_Motlokoa" failures="0" tests="4" name="runners.webRunnerParallelTest" time="78.663" errors="0" timestamp="2025-06-24T11:51:35 SAST" skipped="0">
  <testcase classname="runners.webRunnerParallelTest" name="runScenario" time="19.763"/>
  <testcase classname="runners.webRunnerParallelTest" name="runScenario" time="19.286"/>
  <testcase classname="runners.webRunnerParallelTest" name="runScenario" time="19.886"/>
  <testcase classname="runners.webRunnerParallelTest" name="runScenario" time="19.728"/>
</testsuite> <!-- runners.webRunnerParallelTest -->
